c:\users\gsuser\desktop\unlimitedrespawnbraversii\urb2\debug\vc140.pdb
c:\users\gsuser\desktop\unlimitedrespawnbraversii\urb2\debug\vc140.idb
c:\users\gsuser\desktop\unlimitedrespawnbraversii\urb2\debug\gameapplication.obj
c:\users\gsuser\desktop\unlimitedrespawnbraversii\urb2\debug\component.obj
c:\users\gsuser\desktop\unlimitedrespawnbraversii\urb2\debug\componentfactory.obj
c:\users\gsuser\desktop\unlimitedrespawnbraversii\urb2\debug\drawcomponent.obj
c:\users\gsuser\desktop\unlimitedrespawnbraversii\urb2\debug\updatecomponent.obj
c:\users\gsuser\desktop\unlimitedrespawnbraversii\urb2\debug\inputmanager.obj
c:\users\gsuser\desktop\unlimitedrespawnbraversii\urb2\debug\dxlibkeyboard.obj
c:\users\gsuser\desktop\unlimitedrespawnbraversii\urb2\debug\keyboard.obj
c:\users\gsuser\desktop\unlimitedrespawnbraversii\urb2\debug\entity.obj
c:\users\gsuser\desktop\unlimitedrespawnbraversii\urb2\debug\entitymanager.obj
c:\users\gsuser\desktop\unlimitedrespawnbraversii\urb2\debug\dxlibimagerenderer.obj
c:\users\gsuser\desktop\unlimitedrespawnbraversii\urb2\debug\scenemanager.obj
c:\users\gsuser\desktop\unlimitedrespawnbraversii\urb2\debug\taskmanager.obj
c:\users\gsuser\desktop\unlimitedrespawnbraversii\urb2\debug\algorithm.obj
c:\users\gsuser\desktop\unlimitedrespawnbraversii\urb2\debug\csvloader.obj
c:\users\gsuser\desktop\unlimitedrespawnbraversii\urb2\debug\fpsmanager.obj
c:\users\gsuser\desktop\unlimitedrespawnbraversii\urb2\debug\vectormath.obj
c:\users\gsuser\desktop\unlimitedrespawnbraversii\urb2\debug\stringeditor.obj
c:\users\gsuser\desktop\unlimitedrespawnbraversii\urb2\debug\hash.obj
c:\users\gsuser\desktop\unlimitedrespawnbraversii\urb2\debug\vector2.obj
c:\users\gsuser\desktop\unlimitedrespawnbraversii\urb2\debug\main.obj
c:\users\gsuser\desktop\unlimitedrespawnbraversii\urb2\debug\controllmove.obj
c:\users\gsuser\desktop\unlimitedrespawnbraversii\urb2\debug\drawrectangle.obj
c:\users\gsuser\desktop\unlimitedrespawnbraversii\urb2\debug\dxlibapplication.obj
c:\users\gsuser\desktop\unlimitedrespawnbraversii\urb2\debug\dxlibdataloader.obj
c:\users\gsuser\desktop\unlimitedrespawnbraversii\urb2\debug\imagedata.obj
c:\users\gsuser\desktop\unlimitedrespawnbraversii\debug\urb2.ilk
c:\users\gsuser\desktop\unlimitedrespawnbraversii\debug\urb2.exe
c:\users\gsuser\desktop\unlimitedrespawnbraversii\debug\urb2.pdb
c:\users\gsuser\desktop\unlimitedrespawnbraversii\urb2\debug\component.obj.enc
c:\users\gsuser\desktop\unlimitedrespawnbraversii\urb2\debug\urb2.tlog\cl.command.1.tlog
c:\users\gsuser\desktop\unlimitedrespawnbraversii\urb2\debug\urb2.tlog\cl.read.1.tlog
c:\users\gsuser\desktop\unlimitedrespawnbraversii\urb2\debug\urb2.tlog\cl.write.1.tlog
c:\users\gsuser\desktop\unlimitedrespawnbraversii\urb2\debug\urb2.tlog\link.command.1.tlog
c:\users\gsuser\desktop\unlimitedrespawnbraversii\urb2\debug\urb2.tlog\link.read.1.tlog
c:\users\gsuser\desktop\unlimitedrespawnbraversii\urb2\debug\urb2.tlog\link.write.1.tlog
