c:\users\gsguest\desktop\urb2\urb2\x64\debug\vc140.pdb
c:\users\gsguest\desktop\urb2\urb2\x64\debug\vc140.idb
c:\users\gsguest\desktop\urb2\urb2\x64\debug\lightingaggregate.obj
c:\users\gsguest\desktop\urb2\urb2\x64\debug\normalmaplighting.obj
c:\users\gsguest\desktop\urb2\urb2\x64\debug\dxlibdrawshader.obj
c:\users\gsguest\desktop\urb2\urb2\x64\debug\ipixelshader.obj
c:\users\gsguest\desktop\urb2\urb2\x64\debug\normalmapshader.obj
c:\users\gsguest\desktop\urb2\urb2\x64\debug\pixelshader.obj
c:\users\gsguest\desktop\urb2\urb2\x64\debug\shadermanager.obj
c:\users\gsguest\desktop\urb2\urb2\x64\debug\scenemanager.obj
c:\users\gsguest\desktop\urb2\urb2\x64\debug\taskmanager.obj
c:\users\gsguest\desktop\urb2\urb2\x64\debug\imageloader.obj
c:\users\gsguest\desktop\urb2\urb2\x64\debug\dxlibimageloader.obj
c:\users\gsguest\desktop\urb2\urb2\x64\debug\dxlibloader.obj
c:\users\gsguest\desktop\urb2\urb2\x64\debug\fpsmanager.obj
c:\users\gsguest\desktop\urb2\urb2\x64\debug\math.obj
c:\users\gsguest\desktop\urb2\urb2\x64\debug\vectormath.obj
c:\users\gsguest\desktop\urb2\urb2\x64\debug\stringeditor.obj
c:\users\gsguest\desktop\urb2\urb2\x64\debug\color.obj
c:\users\gsguest\desktop\urb2\urb2\x64\debug\hash.obj
c:\users\gsguest\desktop\urb2\urb2\x64\debug\imagedata.obj
c:\users\gsguest\desktop\urb2\urb2\x64\debug\vector2.obj
c:\users\gsguest\desktop\urb2\urb2\x64\debug\dxlibapplication.obj
c:\users\gsguest\desktop\urb2\urb2\x64\debug\gameapplication.obj
c:\users\gsguest\desktop\urb2\urb2\x64\debug\component.obj
c:\users\gsguest\desktop\urb2\urb2\x64\debug\componentfactory.obj
c:\users\gsguest\desktop\urb2\urb2\x64\debug\drawcomponent.obj
c:\users\gsguest\desktop\urb2\urb2\x64\debug\lightcomponent.obj
c:\users\gsguest\desktop\urb2\urb2\x64\debug\updatecomponent.obj
c:\users\gsguest\desktop\urb2\urb2\x64\debug\dxlibgamepad.obj
c:\users\gsguest\desktop\urb2\urb2\x64\debug\dxlibgamepadinfomation.obj
c:\users\gsguest\desktop\urb2\urb2\x64\debug\gamepad.obj
c:\users\gsguest\desktop\urb2\urb2\x64\debug\gamepadinfomationmediator.obj
c:\users\gsguest\desktop\urb2\urb2\x64\debug\gamepadaggregate.obj
c:\users\gsguest\desktop\urb2\urb2\x64\debug\inputmanager.obj
c:\users\gsguest\desktop\urb2\urb2\x64\debug\dxlibkeyboard.obj
c:\users\gsguest\desktop\urb2\urb2\x64\debug\keyboard.obj
c:\users\gsguest\desktop\urb2\urb2\x64\debug\entity.obj
c:\users\gsguest\desktop\urb2\urb2\x64\debug\entitymanager.obj
c:\users\gsguest\desktop\urb2\urb2\x64\debug\dxlibimagerenderer.obj
c:\users\gsguest\desktop\urb2\urb2\x64\debug\imagerenderer.obj
c:\users\gsguest\desktop\urb2\urb2\x64\debug\screen.obj
c:\users\gsguest\desktop\urb2\urb2\x64\debug\main.obj
c:\users\gsguest\desktop\urb2\urb2\x64\debug\drawtestrobot.obj
c:\users\gsguest\desktop\urb2\urb2\x64\debug\controllmove.obj
c:\users\gsguest\desktop\urb2\urb2\x64\debug\drawrectangle.obj
c:\users\gsguest\desktop\urb2\urb2\x64\debug\levelmanager.obj
c:\users\gsguest\desktop\urb2\urb2\x64\debug\globalparameters.obj
c:\users\gsguest\desktop\urb2\urb2\x64\debug\dxlibshader.obj
c:\users\gsguest\desktop\urb2\urb2\x64\debug\torch.obj
c:\users\gsguest\desktop\urb2\x64\debug\urb2.ilk
c:\users\gsguest\desktop\urb2\x64\debug\urb2.exe
c:\users\gsguest\desktop\urb2\x64\debug\urb2.pdb
c:\users\gsguest\desktop\urb2\urb2\x64\debug\scren.obj
c:\users\gsguest\desktop\urb2\urb2\x64\debug\urb2.tlog\cl.command.1.tlog
c:\users\gsguest\desktop\urb2\urb2\x64\debug\urb2.tlog\cl.read.1.tlog
c:\users\gsguest\desktop\urb2\urb2\x64\debug\urb2.tlog\cl.write.1.tlog
c:\users\gsguest\desktop\urb2\urb2\x64\debug\urb2.tlog\link.command.1.tlog
c:\users\gsguest\desktop\urb2\urb2\x64\debug\urb2.tlog\link.read.1.tlog
c:\users\gsguest\desktop\urb2\urb2\x64\debug\urb2.tlog\link.write.1.tlog
